<?xml version="1.0" encoding="UTF-8"?>
<!-- Generated by org.testng.reporters.JUnitXMLReporter -->
<testsuite ignored="0" hostname="LAPTOP-EHA2AUGL" failures="1" tests="1" name="Default test(failed)" time="0.025" errors="0" timestamp="2023-01-26T08:29:15 MST">
  <testcase classname="com.crossbrowser.CrossBrowserTesting" name="login" time="0.0">
    <failure type="org.testng.TestNGException" message="
Parameter &amp;apos;Browser&amp;apos; is required by @Test on method login but has not been marked @Optional or defined
in C:\Users\dines\OneDrive\Desktop\SepBatch\ineuron\SeleniumWebDriver\test-output\testng-failed.xml">
      <![CDATA[org.testng.TestNGException: 
Parameter 'Browser' is required by @Test on method login but has not been marked @Optional or defined
in C:\Users\dines\OneDrive\Desktop\SepBatch\ineuron\SeleniumWebDriver\test-output\testng-failed.xml
at java.base/java.util.ArrayList.forEach(ArrayList.java:1511)
... Removed 26 stack frames]]>
    </failure>
  </testcase> <!-- login -->
</testsuite> <!-- Default test(failed) -->
