<?xml version="1.0" encoding="UTF-8"?>
<!-- Generated by org.testng.reporters.JUnitXMLReporter -->
<testsuite ignored="0" hostname="LAPTOP-EHA2AUGL" failures="3" tests="10" name="Smoke Test" time="0.061" errors="0" timestamp="2023-01-23T09:06:56 MST">
  <testcase classname="com.seleniumgrid.AssertDemo" name="test1" time="0.008"/>
  <testcase classname="com.seleniumgrid.AssertDemo" name="test2" time="0.002">
    <failure type="java.lang.AssertionError" message="Count Missmatch expected [13] but found [12]">
      <![CDATA[java.lang.AssertionError: Count Missmatch expected [13] but found [12]
at com.seleniumgrid.AssertDemo.test2(AssertDemo.java:13)
at java.base/java.util.ArrayList.forEach(ArrayList.java:1511)
... Removed 32 stack frames]]>
    </failure>
  </testcase> <!-- test2 -->
  <testcase classname="com.seleniumgrid.AssertDemo" name="test3" time="0.001"/>
  <testcase classname="com.seleniumgrid.AssertDemo" name="test4" time="0.001">
    <failure type="java.lang.AssertionError" message="Count missmatch expected [Selenium is for  WebAutomation] but found [Selenium is for WebAutomation]">
      <![CDATA[java.lang.AssertionError: Count missmatch expected [Selenium is for  WebAutomation] but found [Selenium is for WebAutomation]
at com.seleniumgrid.AssertDemo.test4(AssertDemo.java:22)
at java.base/java.util.ArrayList.forEach(ArrayList.java:1511)
... Removed 32 stack frames]]>
    </failure>
  </testcase> <!-- test4 -->
  <testcase classname="com.seleniumgrid.AssertDemo" name="test5" time="0.0"/>
  <testcase classname="com.seleniumgrid.AssertDemo" name="test6" time="0.001"/>
  <testcase classname="com.seleniumgrid.AssertDemo" name="test7" time="0.0">
    <failure type="java.lang.AssertionError" message="expected [true] but found [false]">
      <![CDATA[java.lang.AssertionError: expected [true] but found [false]
at com.seleniumgrid.AssertDemo.test7(AssertDemo.java:42)
at java.base/java.util.ArrayList.forEach(ArrayList.java:1511)
... Removed 31 stack frames]]>
    </failure>
  </testcase> <!-- test7 -->
  <testcase classname="com.seleniumgrid.AssertDemo" name="test8" time="0.0"/>
  <testcase classname="com.seleniumgrid.SoftAssertDemo" name="test1" time="0.001"/>
  <testcase classname="com.seleniumgrid.SoftAssertDemo" name="test2" time="0.003"/>
</testsuite> <!-- Smoke Test -->
